\BOOKMARK [0][-]{chapter*.7}{\376\377\000P\000R\000E\000F\000A\000C\000E}{}% 1
\BOOKMARK [0][-]{chapter*.8}{\376\377\003\240\003\241\003\237\003\233\003\237\003\223\003\237\003\243}{}% 2
\BOOKMARK [0][-]{chapter.1}{\376\377\000I\000N\000T\000R\000O\000D\000U\000C\000T\000I\000O\000N}{}% 3
\BOOKMARK [1][-]{section.1.1}{\376\377\000T\000h\000e\000\040\000a\000g\000e\000\040\000o\000f\000\040\000g\000e\000n\000e\000r\000a\000t\000i\000v\000e\000\040\000A\000I\040\013}{chapter.1}% 4
\BOOKMARK [2][-]{subsection.1.1.1}{\376\377\000G\000e\000n\000e\000r\000a\000l\000\040\000D\000e\000f\000i\000n\000i\000t\000i\000o\000n\000s}{section.1.1}% 5
\BOOKMARK [2][-]{subsection.1.1.2}{\376\377\000D\000e\000e\000p\000\040\000L\000e\000a\000r\000n\000i\000n\000g\000\040\000T\000e\000c\000h\000n\000i\000q\000u\000e\000s}{section.1.1}% 6
\BOOKMARK [2][-]{subsection.1.1.3}{\376\377\000I\000m\000p\000l\000e\000m\000e\000n\000t\000a\000t\000i\000o\000n\000\040\000p\000h\000a\000s\000e\000s\000\040\000o\000f\000\040\000g\000e\000n\000e\000r\000a\000t\000i\000v\000e\000\040\000A\000I\000\040\000m\000o\000d\000e\000l}{section.1.1}% 7
\BOOKMARK [1][-]{section.1.2}{\376\377\000C\000l\000a\000s\000s\000i\000f\000i\000c\000a\000t\000i\000o\000n\000\040\000o\000f\000\040\000g\000e\000n\000e\000r\000a\000t\000i\000v\000e\000\040\000A\000I\000\040\000m\000o\000d\000e\000l\000s}{chapter.1}% 8
\BOOKMARK [2][-]{subsection.1.2.1}{\376\377\000T\000e\000x\000t\000\040\000G\000e\000n\000e\000r\000a\000t\000i\000o\000n}{section.1.2}% 9
\BOOKMARK [2][-]{subsection.1.2.2}{\376\377\000I\000m\000a\000g\000e\000\040\000G\000e\000n\000e\000r\000a\000t\000i\000o\000n}{section.1.2}% 10
\BOOKMARK [2][-]{subsection.1.2.3}{\376\377\000A\000u\000d\000i\000o\000\040\000G\000e\000n\000e\000r\000a\000t\000i\000o\000n}{section.1.2}% 11
\BOOKMARK [2][-]{subsection.1.2.4}{\376\377\000V\000i\000d\000e\000o\000\040\000G\000e\000n\000e\000r\000a\000t\000i\000o\000n}{section.1.2}% 12
\BOOKMARK [2][-]{subsection.1.2.5}{\376\377\000C\000o\000d\000e\000\040\000G\000e\000n\000e\000r\000a\000t\000i\000o\000n}{section.1.2}% 13
\BOOKMARK [2][-]{subsection.1.2.6}{\376\377\0003\000D\000\040\000G\000e\000n\000e\000r\000a\000t\000i\000o\000n}{section.1.2}% 14
\BOOKMARK [0][-]{chapter.2}{\376\377\000E\000V\000A\000L\000U\000A\000T\000I\000O\000N}{}% 15
\BOOKMARK [1][-]{section.2.1}{\376\377\000M\000o\000d\000e\000l\000s\040\013}{chapter.2}% 16
\BOOKMARK [1][-]{section.2.2}{\376\377\000B\000e\000n\000c\000h\000m\000a\000r\000k}{chapter.2}% 17
\BOOKMARK [0][-]{chapter.3}{\376\377\000C\000O\000N\000C\000L\000U\000S\000I\000O\000N}{}% 18
\BOOKMARK [1][-]{section.3.1}{\376\377\000R\000e\000s\000u\000l\000t\000s}{chapter.3}% 19
\BOOKMARK [1][-]{section.3.2}{\376\377\000F\000i\000n\000d\000i\000n\000g\000s}{chapter.3}% 20
\BOOKMARK [0][-]{chapter*.13}{\376\377\000A\000B\000B\000R\000E\000V\000I\000A\000T\000I\000O\000N\000S\000\040\000-\000\040\000A\000C\000R\000O\000N\000Y\000M\000S}{}% 21
\BOOKMARK [0][-]{table.3.3}{\376\377\000R\000E\000F\000E\000R\000E\000N\000C\000E\000S}{}% 22
