This is XeTeX, Version 3.141592653-2.6-0.999995 (MiKTeX 23.10) (preloaded format=xelatex 2023.12.5)  26 APR 2024 16:19
entering extended mode
 restricted \write18 enabled.
 %&-line parsing enabled.
**./Master_Thesis_en.tex
(Master_Thesis_en.tex
LaTeX2e <2023-06-01> patch level 1
L3 programming layer <2023-08-29>
(C:\Users\E.Mazarakis\AppData\Local\Programs\MiKTeX\tex/latex/base\book.cls
Document Class: book 2023/05/17 v1.4n Standard LaTeX document class
(C:\Users\E.Mazarakis\AppData\Local\Programs\MiKTeX\tex/latex/base\bk11.clo
File: bk11.clo 2023/05/17 v1.4n Standard LaTeX file (size option)
)
\c@part=\count181
\c@chapter=\count182
\c@section=\count183
\c@subsection=\count184
\c@subsubsection=\count185
\c@paragraph=\count186
\c@subparagraph=\count187
\c@figure=\count188
\c@table=\count189
\abovecaptionskip=\skip48
\belowcaptionskip=\skip49
\bibindent=\dimen140
)
(C:\Users\E.Mazarakis\AppData\Local\Programs\MiKTeX\tex/latex/polyglossia\polyg
lossia.sty
Package: polyglossia 2023/10/01 v1.65 Modern multilingual typesetting with XeLa
TeX and LuaLaTeX

(C:\Users\E.Mazarakis\AppData\Local\Programs\MiKTeX\tex/latex/etoolbox\etoolbox
.sty
Package: etoolbox 2020/10/05 v2.5k e-TeX tools for LaTeX (JAW)
\etb@tempcnta=\count190
)
(C:\Users\E.Mazarakis\AppData\Local\Programs\MiKTeX\tex/latex/makecmds\makecmds
.sty
Package: makecmds 2009/09/03 v1.0a extra command making commands
)
(C:\Users\E.Mazarakis\AppData\Local\Programs\MiKTeX\tex/latex/xkeyval\xkeyval.s
ty
Package: xkeyval 2022/06/16 v2.9 package option processing (HA)

(C:\Users\E.Mazarakis\AppData\Local\Programs\MiKTeX\tex/generic/xkeyval\xkeyval
.tex
(C:\Users\E.Mazarakis\AppData\Local\Programs\MiKTeX\tex/generic/xkeyval\xkvutil
s.tex
\XKV@toks=\toks17
\XKV@tempa@toks=\toks18

(C:\Users\E.Mazarakis\AppData\Local\Programs\MiKTeX\tex/generic/xkeyval\keyval.
tex))
\XKV@depth=\count191
File: xkeyval.tex 2014/12/03 v2.7a key=value parser (HA)
))
(C:\Users\E.Mazarakis\AppData\Local\Programs\MiKTeX\tex/latex/fontspec\fontspec
.sty
(C:\Users\E.Mazarakis\AppData\Local\Programs\MiKTeX\tex/latex/l3packages/xparse
\xparse.sty
(C:\Users\E.Mazarakis\AppData\Local\Programs\MiKTeX\tex/latex/l3kernel\expl3.st
y
Package: expl3 2023-08-29 L3 programming layer (loader) 

(C:\Users\E.Mazarakis\AppData\Local\Programs\MiKTeX\tex/latex/l3backend\l3backe
nd-xetex.def
File: l3backend-xetex.def 2023-04-19 L3 backend support: XeTeX
\g__graphics_track_int=\count192
\l__pdf_internal_box=\box51
\g__pdf_backend_object_int=\count193
\g__pdf_backend_annotation_int=\count194
\g__pdf_backend_link_int=\count195
))
Package: xparse 2023-08-29 L3 Experimental document command parser
)
Package: fontspec 2022/01/15 v2.8a Font selection for XeLaTeX and LuaLaTeX

(C:\Users\E.Mazarakis\AppData\Local\Programs\MiKTeX\tex/latex/fontspec\fontspec
-xetex.sty
Package: fontspec-xetex 2022/01/15 v2.8a Font selection for XeLaTeX and LuaLaTe
X
\l__fontspec_script_int=\count196
\l__fontspec_language_int=\count197
\l__fontspec_strnum_int=\count198
\l__fontspec_tmp_int=\count199
\l__fontspec_tmpa_int=\count266
\l__fontspec_tmpb_int=\count267
\l__fontspec_tmpc_int=\count268
\l__fontspec_em_int=\count269
\l__fontspec_emdef_int=\count270
\l__fontspec_strong_int=\count271
\l__fontspec_strongdef_int=\count272
\l__fontspec_tmpa_dim=\dimen141
\l__fontspec_tmpb_dim=\dimen142
\l__fontspec_tmpc_dim=\dimen143

(C:\Users\E.Mazarakis\AppData\Local\Programs\MiKTeX\tex/latex/base\fontenc.sty
Package: fontenc 2021/04/29 v2.0v Standard LaTeX package
)
(C:\Users\E.Mazarakis\AppData\Local\Programs\MiKTeX\tex/latex/fontspec\fontspec
.cfg)))
(C:\Users\E.Mazarakis\AppData\Local\Programs\MiKTeX\tex/generic/iftex\iftex.sty
Package: iftex 2022/02/03 v1.0f TeX engine tests
)
(C:\Users\E.Mazarakis\AppData\Local\Programs\MiKTeX\tex/latex/l3packages/l3keys
2e\l3keys2e.sty
Package: l3keys2e 2023-08-29 LaTeX2e option processing using LaTeX3 keys
)
\xpg@normalclass=\XeTeXcharclass1

(C:\Users\E.Mazarakis\AppData\Local\Programs\MiKTeX\tex/latex/polyglossia\gloss
-latex.lde
Package: gloss-latex 2023/10/01 v1.65 polyglossia: module for default language
The property list \polyglossia@langsetup contains the pairs (without outer
braces):
>  {latex/script}  =>  {latin}
>  {latex/lcscript}  =>  {latin}
>  {latex/scripttag}  =>  {}
>  {latex/language}  =>  {Latex}
>  {latex/langtag}  =>  {ENG}
>  {latex/bcp47}  =>  {en-US}
>  {latex/bcp47-language}  =>  {en}
>  {latex/bcp47-region}  =>  {US}
>  {latex/bcp47-script}  =>  {Latn}
>  {latex/bcp47-variant}  =>  {}
>  {latex/bcp47-extension-t}  =>  {}
>  {latex/bcp47-extension-u}  =>  {}
>  {latex/bcp47-extension-x}  =>  {}
>  {latex/bcp47-casing}  =>  {}
>  {latex/hyphennames}  =>  {english}
>  {latex/direction}  =>  {LR}
>  {latex/hyphenmins}  =>  {2,3}
>  {latex/frenchspacing}  =>  {false}
>  {latex/indentfirst}  =>  {false}
>  {latex/fontsetup}  =>  {true}
>  {latex/envname}  =>  {latex}
>  {latex/babelname}  =>  {latex}
>  {latex/localnumeral}  =>  {polyglossia@C@localnumeral}
>  {latex/Localnumeral}  =>  {polyglossia@C@localnumeral}
>  {latex/DefineCommandsCmd}  =>  {use_none:n}.
)
Package polyglossia Info: Default language is latex.
)
(C:\Users\E.Mazarakis\AppData\Local\Programs\MiKTeX\tex/latex/polyglossia\gloss
-english.ldf
File: gloss-english.ldf polyglossia: module for English
The property list \polyglossia@langsetup contains the pairs (without outer
braces):
>  {latex/script}  =>  {latin}
>  {latex/lcscript}  =>  {latin}
>  {latex/scripttag}  =>  {}
>  {latex/language}  =>  {Latex}
>  {latex/langtag}  =>  {ENG}
>  {latex/bcp47}  =>  {en-US}
>  {latex/bcp47-language}  =>  {en}
>  {latex/bcp47-region}  =>  {US}
>  {latex/bcp47-script}  =>  {Latn}
>  {latex/bcp47-variant}  =>  {}
>  {latex/bcp47-extension-t}  =>  {}
>  {latex/bcp47-extension-u}  =>  {}
>  {latex/bcp47-extension-x}  =>  {}
>  {latex/bcp47-casing}  =>  {}
>  {latex/hyphennames}  =>  {english}
>  {latex/direction}  =>  {LR}
>  {latex/hyphenmins}  =>  {2,3}
>  {latex/frenchspacing}  =>  {false}
>  {latex/indentfirst}  =>  {false}
>  {latex/fontsetup}  =>  {true}
>  {latex/envname}  =>  {latex}
>  {latex/babelname}  =>  {latex}
>  {latex/localnumeral}  =>  {polyglossia@C@localnumeral}
>  {latex/Localnumeral}  =>  {polyglossia@C@localnumeral}
>  {latex/DefineCommandsCmd}  =>  {use_none:n}
>  {english/script}  =>  {latin}
>  {english/lcscript}  =>  {latin}
>  {english/scripttag}  =>  {}
>  {english/language}  =>  {English}
>  {english/langtag}  =>  {ENG}
>  {english/bcp47}  =>  {en-US}
>  {english/bcp47-language}  =>  {en}
>  {english/bcp47-region}  =>  {US}
>  {english/bcp47-script}  =>  {Latn}
>  {english/bcp47-variant}  =>  {}
>  {english/bcp47-extension-t}  =>  {}
>  {english/bcp47-extension-u}  =>  {}
>  {english/bcp47-extension-x}  =>  {}
>  {english/bcp47-casing}  =>  {}
>  {english/hyphennames}  =>  {english,american,usenglish,USenglish}
>  {english/direction}  =>  {LR}
>  {english/hyphenmins}  =>  {2,3}
>  {english/frenchspacing}  =>  {false}
>  {english/indentfirst}  =>  {false}
>  {english/fontsetup}  =>  {true}
>  {english/envname}  =>  {english}
>  {english/babelname}  =>  {english}
>  {english/localnumeral}  =>  {polyglossia@C@localnumeral}
>  {english/Localnumeral}  =>  {polyglossia@C@localnumeral}
>  {english/DefineCommandsCmd}  =>  {xpg_define_language_commands:e}.
Package polyglossia Info: Option: English, variant=american.
)
Package polyglossia Info: Default language is english.

(C:\Users\E.Mazarakis\AppData\Local\Programs\MiKTeX\tex/latex/polyglossia\gloss
-greek.ldf
File: gloss-greek.ldf polyglossia: module for Greek
The property list \polyglossia@langsetup contains the pairs (without outer
braces):
>  {latex/script}  =>  {latin}
>  {latex/lcscript}  =>  {latin}
>  {latex/scripttag}  =>  {}
>  {latex/language}  =>  {Latex}
>  {latex/langtag}  =>  {ENG}
>  {latex/bcp47}  =>  {en-US}
>  {latex/bcp47-language}  =>  {en}
>  {latex/bcp47-region}  =>  {US}
>  {latex/bcp47-script}  =>  {Latn}
>  {latex/bcp47-variant}  =>  {}
>  {latex/bcp47-extension-t}  =>  {}
>  {latex/bcp47-extension-u}  =>  {}
>  {latex/bcp47-extension-x}  =>  {}
>  {latex/bcp47-casing}  =>  {}
>  {latex/hyphennames}  =>  {english}
>  {latex/direction}  =>  {LR}
>  {latex/hyphenmins}  =>  {2,3}
>  {latex/frenchspacing}  =>  {false}
>  {latex/indentfirst}  =>  {false}
>  {latex/fontsetup}  =>  {true}
>  {latex/envname}  =>  {latex}
>  {latex/babelname}  =>  {latex}
>  {latex/localnumeral}  =>  {polyglossia@C@localnumeral}
>  {latex/Localnumeral}  =>  {polyglossia@C@localnumeral}
>  {latex/DefineCommandsCmd}  =>  {use_none:n}
>  {english/script}  =>  {latin}
>  {english/lcscript}  =>  {latin}
>  {english/scripttag}  =>  {}
>  {english/language}  =>  {English}
>  {english/langtag}  =>  {ENG}
>  {english/bcp47}  =>  {en-US}
>  {english/bcp47-language}  =>  {en}
>  {english/bcp47-region}  =>  {US}
>  {english/bcp47-script}  =>  {Latn}
>  {english/bcp47-variant}  =>  {}
>  {english/bcp47-extension-t}  =>  {}
>  {english/bcp47-extension-u}  =>  {}
>  {english/bcp47-extension-x}  =>  {}
>  {english/bcp47-casing}  =>  {}
>  {english/hyphennames}  =>  {english,american,usenglish,USenglish}
>  {english/direction}  =>  {LR}
>  {english/hyphenmins}  =>  {2,3}
>  {english/frenchspacing}  =>  {false}
>  {english/indentfirst}  =>  {false}
>  {english/fontsetup}  =>  {true}
>  {english/envname}  =>  {english}
>  {english/babelname}  =>  {american}
>  {english/localnumeral}  =>  {polyglossia@C@localnumeral}
>  {english/Localnumeral}  =>  {polyglossia@C@localnumeral}
>  {english/DefineCommandsCmd}  =>  {xpg_define_language_commands:e}
>  {greek/script}  =>  {Greek}
>  {greek/lcscript}  =>  {greek}
>  {greek/scripttag}  =>  {grek}
>  {greek/language}  =>  {Greek}
>  {greek/langtag}  =>  {ELL}
>  {greek/bcp47}  =>  {el-monoton}
>  {greek/bcp47-language}  =>  {el}
>  {greek/bcp47-region}  =>  {}
>  {greek/bcp47-script}  =>  {Grek}
>  {greek/bcp47-variant}  =>  {monoton}
>  {greek/bcp47-extension-t}  =>  {}
>  {greek/bcp47-extension-u}  =>  {nu-grek}
>  {greek/bcp47-extension-x}  =>  {}
>  {greek/bcp47-casing}  =>  {el}
>  {greek/hyphennames}  =>  {}
>  {greek/direction}  =>  {LR}
>  {greek/hyphenmins}  =>  {2,3}
>  {greek/frenchspacing}  =>  {true}
>  {greek/indentfirst}  =>  {true}
>  {greek/fontsetup}  =>  {true}
>  {greek/envname}  =>  {greek}
>  {greek/babelname}  =>  {greek}
>  {greek/localnumeral}  =>  {greeknumerals}
>  {greek/Localnumeral}  =>  {Greeknumerals}
>  {greek/DefineCommandsCmd}  =>  {xpg_define_language_commands:e}.

(C:\Users\E.Mazarakis\AppData\Local\Programs\MiKTeX\tex/latex/polyglossia\xgree
k-fixes.def)
Package polyglossia Info: Option: Greek, variant=monotonic.
Package polyglossia Info: Option: Greek, numerals=greek.
\@attic@num=\count273
)
(C:\Users\E.Mazarakis\AppData\Local\Programs\MiKTeX\tex/xelatex/xunicode\xunico
de.sty
File: xunicode.sty 2011/09/09 v0.981 provides access to latin accents and many 
other characters in Unicode lower plane

(C:\Users\E.Mazarakis\AppData\Local\Programs\MiKTeX\tex/latex/tipa\t3enc.def
File: t3enc.def 2001/12/31 T3 encoding
)
\tipaTiiicode=\count274
\tipasavetokens=\toks19
\tipachecktokens=\toks20

(C:\Users\E.Mazarakis\AppData\Local\Programs\MiKTeX\tex/latex/graphics\graphicx
.sty
Package: graphicx 2021/09/16 v1.2d Enhanced LaTeX Graphics (DPC,SPQR)

(C:\Users\E.Mazarakis\AppData\Local\Programs\MiKTeX\tex/latex/graphics\graphics
.sty
Package: graphics 2022/03/10 v1.4e Standard LaTeX Graphics (DPC,SPQR)

(C:\Users\E.Mazarakis\AppData\Local\Programs\MiKTeX\tex/latex/graphics\trig.sty
Package: trig 2021/08/11 v1.11 sin cos tan (DPC)
)
(C:\Users\E.Mazarakis\AppData\Local\Programs\MiKTeX\tex/latex/graphics-cfg\grap
hics.cfg
File: graphics.cfg 2016/06/04 v1.11 sample graphics configuration
)
Package graphics Info: Driver file: xetex.def on input line 107.

(C:\Users\E.Mazarakis\AppData\Local\Programs\MiKTeX\tex/latex/graphics-def\xete
x.def
File: xetex.def 2022/09/22 v5.0n Graphics/color driver for xetex
))
\Gin@req@height=\dimen144
\Gin@req@width=\dimen145
))
(C:\Users\E.Mazarakis\AppData\Local\Programs\MiKTeX\tex/latex/xltxtra\xltxtra.s
ty
Package: xltxtra 2018/12/31 v0.7 Improvements for the "XeLaTeX" format

(C:\Users\E.Mazarakis\AppData\Local\Programs\MiKTeX\tex/generic/iftex\ifluatex.
sty
Package: ifluatex 2019/10/25 v1.5 ifluatex legacy package. Use iftex instead.
)
(C:\Users\E.Mazarakis\AppData\Local\Programs\MiKTeX\tex/generic/iftex\ifxetex.s
ty
Package: ifxetex 2019/10/25 v0.7 ifxetex legacy package. Use iftex instead.
)
(C:\Users\E.Mazarakis\AppData\Local\Programs\MiKTeX\tex/latex/realscripts\reals
cripts.sty
Package: realscripts 2016/02/13 v0.3d Access OpenType subscripts and superscrip
ts
\subsupersep=\dimen146
)
(C:\Users\E.Mazarakis\AppData\Local\Programs\MiKTeX\tex/latex/metalogo\metalogo
.sty
Package: metalogo 2010/05/29 v0.12 Extended TeX logo macros
\xl@everylogo=\toks21
\xl@@everylogo=\toks22
LaTeX Info: Redefining \TeX on input line 193.
LaTeX Info: Redefining \LaTeX on input line 202.
LaTeX Info: Redefining \LaTeXe on input line 219.
)
\l__xetex_show_hyphens_wrapping_box=\box52
\l__xetex_show_hyphens_temp_box=\box53
\l__xetex_show_hyphens_final_box=\box54
\g__xetex_show_hyphens_word_box=\box55
)

Package fontspec Warning: OpenType feature 'Ligatures=Common,TeX' (liga) not
(fontspec)                available for font 'Arial' with script
(fontspec)                'CustomDefault' and language 'Default'.


Package fontspec Warning: OpenType feature 'Ligatures=Common,TeX' (liga) not
(fontspec)                available for font 'Arial' with script
(fontspec)                'CustomDefault' and language 'Default'.


Package fontspec Warning: OpenType feature 'Ligatures=Common,TeX' (liga) not
(fontspec)                available for font 'Arial' with script
(fontspec)                'CustomDefault' and language 'Default'.


Package fontspec Warning: OpenType feature 'Ligatures=Common,TeX' (liga) not
(fontspec)                available for font 'Arial/B' with script
(fontspec)                'CustomDefault' and language 'Default'.


Package fontspec Warning: OpenType feature 'Ligatures=Common,TeX' (liga) not
(fontspec)                available for font 'Arial/B' with script
(fontspec)                'CustomDefault' and language 'Default'.


Package fontspec Warning: OpenType feature 'Ligatures=Common,TeX' (liga) not
(fontspec)                available for font 'Arial/I' with script
(fontspec)                'CustomDefault' and language 'Default'.


Package fontspec Warning: OpenType feature 'Ligatures=Common,TeX' (liga) not
(fontspec)                available for font 'Arial/I' with script
(fontspec)                'CustomDefault' and language 'Default'.


Package fontspec Warning: OpenType feature 'Ligatures=Common,TeX' (liga) not
(fontspec)                available for font 'Arial/BI' with script
(fontspec)                'CustomDefault' and language 'Default'.


Package fontspec Warning: OpenType feature 'Ligatures=Common,TeX' (liga) not
(fontspec)                available for font 'Arial/BI' with script
(fontspec)                'CustomDefault' and language 'Default'.


Package fontspec Info: Font family 'Arial(0)' created for font 'Arial' with
(fontspec)             options
(fontspec)             [Ligatures=TeX,Ligatures={Common,TeX},Numbers={OldStyle}
].
(fontspec)              
(fontspec)              This font family consists of the following NFSS
(fontspec)             series/shapes:
(fontspec)              
(fontspec)             - 'normal' (m/n) with NFSS spec.:
(fontspec)             <->"Arial/OT:script=latn;language=dflt;+onum;mapping=tex
-text;"
(fontspec)             - 'small caps'  (m/sc) with NFSS spec.:
(fontspec)             <->"Arial/OT:script=latn;language=dflt;+onum;+smcp;mappi
ng=tex-text;"
(fontspec)             - 'bold' (b/n) with NFSS spec.:
(fontspec)             <->"Arial/B/OT:script=latn;language=dflt;+onum;mapping=t
ex-text;"
(fontspec)             - 'bold small caps'  (b/sc) with NFSS spec.:
(fontspec)             <->"Arial/B/OT:script=latn;language=dflt;+onum;+smcp;map
ping=tex-text;"
(fontspec)             - 'italic' (m/it) with NFSS spec.:
(fontspec)             <->"Arial/I/OT:script=latn;language=dflt;+onum;mapping=t
ex-text;"
(fontspec)             - 'italic small caps'  (m/scit) with NFSS spec.:
(fontspec)             <->"Arial/I/OT:script=latn;language=dflt;+onum;+smcp;map
ping=tex-text;"
(fontspec)             - 'bold italic' (b/it) with NFSS spec.:
(fontspec)             <->"Arial/BI/OT:script=latn;language=dflt;+onum;mapping=
tex-text;"
(fontspec)             - 'bold italic small caps'  (b/scit) with NFSS spec.:
(fontspec)             <->"Arial/BI/OT:script=latn;language=dflt;+onum;+smcp;ma
pping=tex-text;"


(C:\Users\E.Mazarakis\AppData\Local\Programs\MiKTeX\tex/latex/geometry\geometry
.sty
Package: geometry 2020/01/02 v5.9 Page Geometry

(C:\Users\E.Mazarakis\AppData\Local\Programs\MiKTeX\tex/generic/iftex\ifvtex.st
y
Package: ifvtex 2019/10/25 v1.7 ifvtex legacy package. Use iftex instead.
)
\Gm@cnth=\count275
\Gm@cntv=\count276
\c@Gm@tempcnt=\count277
\Gm@bindingoffset=\dimen147
\Gm@wd@mp=\dimen148
\Gm@odd@mp=\dimen149
\Gm@even@mp=\dimen150
\Gm@layoutwidth=\dimen151
\Gm@layoutheight=\dimen152
\Gm@layouthoffset=\dimen153
\Gm@layoutvoffset=\dimen154
\Gm@dimlist=\toks23

(C:\Users\E.Mazarakis\AppData\Local\Programs\MiKTeX\tex/latex/geometry\geometry
.cfg))
(C:\Users\E.Mazarakis\AppData\Local\Programs\MiKTeX\tex/latex/xcolor\xcolor.sty
Package: xcolor 2022/06/12 v2.14 LaTeX color extensions (UK)

(C:\Users\E.Mazarakis\AppData\Local\Programs\MiKTeX\tex/latex/graphics-cfg\colo
r.cfg
File: color.cfg 2016/01/02 v1.6 sample color configuration
)
Package xcolor Info: Driver file: xetex.def on input line 227.

(C:\Users\E.Mazarakis\AppData\Local\Programs\MiKTeX\tex/latex/graphics\mathcolo
r.ltx)
Package xcolor Info: Model `cmy' substituted by `cmy0' on input line 1353.
Package xcolor Info: Model `RGB' extended on input line 1369.
Package xcolor Info: Model `HTML' substituted by `rgb' on input line 1371.
Package xcolor Info: Model `Hsb' substituted by `hsb' on input line 1372.
Package xcolor Info: Model `tHsb' substituted by `hsb' on input line 1373.
Package xcolor Info: Model `HSB' substituted by `hsb' on input line 1374.
Package xcolor Info: Model `Gray' substituted by `gray' on input line 1375.
Package xcolor Info: Model `wave' substituted by `hsb' on input line 1376.
)
(C:\Users\E.Mazarakis\AppData\Local\Programs\MiKTeX\tex/latex/sectsty\sectsty.s
ty
Package: sectsty 2002/02/25 v2.0.2 Commands to change all sectional heading sty
les


LaTeX Warning: Command \underbar  has changed.
               Check if current package is valid.


LaTeX Warning: Command \underline  has changed.
               Check if current package is valid.

)
(C:\Users\E.Mazarakis\AppData\Local\Programs\MiKTeX\tex/latex/textcase\textcase
.sty
Package: textcase 2023/07/27 v1.04 Text only upper/lower case changing (DPC)
Package textcase Info: Defining Legacy names on input line 20.
)
(C:\Users\E.Mazarakis\AppData\Local\Programs\MiKTeX\tex/latex/tocloft\tocloft.s
ty
Package: tocloft 2017/08/31 v2.3i parameterised ToC, etc., typesetting
Package tocloft Info: The document has chapter divisions on input line 51.
\cftparskip=\skip50
\cftbeforetoctitleskip=\skip51
\cftaftertoctitleskip=\skip52
\cftbeforepartskip=\skip53
\cftpartnumwidth=\skip54
\cftpartindent=\skip55
\cftbeforechapskip=\skip56
\cftchapindent=\skip57
\cftchapnumwidth=\skip58
\cftbeforesecskip=\skip59
\cftsecindent=\skip60
\cftsecnumwidth=\skip61
\cftbeforesubsecskip=\skip62
\cftsubsecindent=\skip63
\cftsubsecnumwidth=\skip64
\cftbeforesubsubsecskip=\skip65
\cftsubsubsecindent=\skip66
\cftsubsubsecnumwidth=\skip67
\cftbeforeparaskip=\skip68
\cftparaindent=\skip69
\cftparanumwidth=\skip70
\cftbeforesubparaskip=\skip71
\cftsubparaindent=\skip72
\cftsubparanumwidth=\skip73
\cftbeforeloftitleskip=\skip74
\cftafterloftitleskip=\skip75
\cftbeforefigskip=\skip76
\cftfigindent=\skip77
\cftfignumwidth=\skip78
\c@lofdepth=\count278
\c@lotdepth=\count279
\cftbeforelottitleskip=\skip79
\cftafterlottitleskip=\skip80
\cftbeforetabskip=\skip81
\cfttabindent=\skip82
\cfttabnumwidth=\skip83
)
(C:\Users\E.Mazarakis\AppData\Local\Programs\MiKTeX\tex/latex/titlesec\titlesec
.sty
Package: titlesec 2023/10/27 v2.16 Sectioning titles
\ttl@box=\box56
\beforetitleunit=\skip84
\aftertitleunit=\skip85
\ttl@plus=\dimen155
\ttl@minus=\dimen156
\ttl@toksa=\toks24
\titlewidth=\dimen157
\titlewidthlast=\dimen158
\titlewidthfirst=\dimen159
)
(C:\Users\E.Mazarakis\AppData\Local\Programs\MiKTeX\tex/latex/tools\longtable.s
ty
Package: longtable 2021-09-01 v4.17 Multi-page Table package (DPC)
\LTleft=\skip86
\LTright=\skip87
\LTpre=\skip88
\LTpost=\skip89
\LTchunksize=\count280
\LTcapwidth=\dimen160
\LT@head=\box57
\LT@firsthead=\box58
\LT@foot=\box59
\LT@lastfoot=\box60
\LT@gbox=\box61
\LT@cols=\count281
\LT@rows=\count282
\c@LT@tables=\count283
\c@LT@chunks=\count284
\LT@p@ftn=\toks25
)
(C:\Users\E.Mazarakis\AppData\Local\Programs\MiKTeX\tex/latex/booktabs\booktabs
.sty
Package: booktabs 2020/01/12 v1.61803398 Publication quality tables
\heavyrulewidth=\dimen161
\lightrulewidth=\dimen162
\cmidrulewidth=\dimen163
\belowrulesep=\dimen164
\belowbottomsep=\dimen165
\aboverulesep=\dimen166
\abovetopsep=\dimen167
\cmidrulesep=\dimen168
\cmidrulekern=\dimen169
\defaultaddspace=\dimen170
\@cmidla=\count285
\@cmidlb=\count286
\@aboverulesep=\dimen171
\@belowrulesep=\dimen172
\@thisruleclass=\count287
\@lastruleclass=\count288
\@thisrulewidth=\dimen173
)
(C:\Users\E.Mazarakis\AppData\Local\Programs\MiKTeX\tex/latex/cite\cite.sty
LaTeX Info: Redefining \cite on input line 302.
LaTeX Info: Redefining \nocite on input line 332.
Package: cite 2015/02/27  v 5.5
)
(C:\Users\E.Mazarakis\AppData\Local\Programs\MiKTeX\tex/latex/hyperref\hyperref
.sty
Package: hyperref 2023-07-08 v7.01b Hypertext links for LaTeX

(C:\Users\E.Mazarakis\AppData\Local\Programs\MiKTeX\tex/generic/ltxcmds\ltxcmds
.sty
Package: ltxcmds 2023-12-04 v1.26 LaTeX kernel commands for general use (HO)
)
(C:\Users\E.Mazarakis\AppData\Local\Programs\MiKTeX\tex/generic/pdftexcmds\pdft
excmds.sty
Package: pdftexcmds 2020-06-27 v0.33 Utility functions of pdfTeX for LuaTeX (HO
)

(C:\Users\E.Mazarakis\AppData\Local\Programs\MiKTeX\tex/generic/infwarerr\infwa
rerr.sty
Package: infwarerr 2019/12/03 v1.5 Providing info/warning/error messages (HO)
)
Package pdftexcmds Info: \pdf@primitive is available.
Package pdftexcmds Info: \pdf@ifprimitive is available.
Package pdftexcmds Info: \pdfdraftmode not found.
)
(C:\Users\E.Mazarakis\AppData\Local\Programs\MiKTeX\tex/latex/kvsetkeys\kvsetke
ys.sty
Package: kvsetkeys 2022-10-05 v1.19 Key value parser (HO)
)
(C:\Users\E.Mazarakis\AppData\Local\Programs\MiKTeX\tex/generic/kvdefinekeys\kv
definekeys.sty
Package: kvdefinekeys 2019-12-19 v1.6 Define keys (HO)
)
(C:\Users\E.Mazarakis\AppData\Local\Programs\MiKTeX\tex/generic/pdfescape\pdfes
cape.sty
Package: pdfescape 2019/12/09 v1.15 Implements pdfTeX's escape features (HO)
)
(C:\Users\E.Mazarakis\AppData\Local\Programs\MiKTeX\tex/latex/hycolor\hycolor.s
ty
Package: hycolor 2020-01-27 v1.10 Color options for hyperref/bookmark (HO)
)
(C:\Users\E.Mazarakis\AppData\Local\Programs\MiKTeX\tex/latex/letltxmacro\letlt
xmacro.sty
Package: letltxmacro 2019/12/03 v1.6 Let assignment for LaTeX macros (HO)
)
(C:\Users\E.Mazarakis\AppData\Local\Programs\MiKTeX\tex/latex/auxhook\auxhook.s
ty
Package: auxhook 2019-12-17 v1.6 Hooks for auxiliary files (HO)
)
(C:\Users\E.Mazarakis\AppData\Local\Programs\MiKTeX\tex/latex/hyperref\nameref.
sty
Package: nameref 2023-08-07 v2.53 Cross-referencing by name of section

(C:\Users\E.Mazarakis\AppData\Local\Programs\MiKTeX\tex/latex/refcount\refcount
.sty
Package: refcount 2019/12/15 v3.6 Data extraction from label references (HO)
)
(C:\Users\E.Mazarakis\AppData\Local\Programs\MiKTeX\tex/generic/gettitlestring\
gettitlestring.sty
Package: gettitlestring 2019/12/15 v1.6 Cleanup title references (HO)

(C:\Users\E.Mazarakis\AppData\Local\Programs\MiKTeX\tex/latex/kvoptions\kvoptio
ns.sty
Package: kvoptions 2022-06-15 v3.15 Key value format for package options (HO)
))
\c@section@level=\count289
)
\@linkdim=\dimen174
\Hy@linkcounter=\count290
\Hy@pagecounter=\count291

(C:\Users\E.Mazarakis\AppData\Local\Programs\MiKTeX\tex/latex/hyperref\pd1enc.d
ef
File: pd1enc.def 2023-07-08 v7.01b Hyperref: PDFDocEncoding definition (HO)
)
(C:\Users\E.Mazarakis\AppData\Local\Programs\MiKTeX\tex/generic/intcalc\intcalc
.sty
Package: intcalc 2019/12/15 v1.3 Expandable calculations with integers (HO)
)
\Hy@SavedSpaceFactor=\count292

(C:\Users\E.Mazarakis\AppData\Local\Programs\MiKTeX\tex/latex/hyperref\puenc.de
f
File: puenc.def 2023-07-08 v7.01b Hyperref: PDF Unicode definition (HO)

(C:\Users\E.Mazarakis\AppData\Local\Programs\MiKTeX\tex/latex/greek-fontenc\pue
nc-greek.def
File: puenc-greek.def 2023-09-12 2.5 Greek LICRs for PDF strings

(C:\Users\E.Mazarakis\AppData\Local\Programs\MiKTeX\tex/latex/greek-fontenc\gre
ek-fontenc.def
File: greek-fontenc.def 2023-09-12 2.5 Common Greek font encoding definitions
)))
Package hyperref Info: Hyper figures OFF on input line 4167.
Package hyperref Info: Link nesting OFF on input line 4172.
Package hyperref Info: Hyper index ON on input line 4175.
Package hyperref Info: Plain pages OFF on input line 4182.
Package hyperref Info: Backreferencing OFF on input line 4187.
Package hyperref Info: Implicit mode ON; LaTeX internals redefined.
Package hyperref Info: Bookmarks ON on input line 4434.
\c@Hy@tempcnt=\count293

(C:\Users\E.Mazarakis\AppData\Local\Programs\MiKTeX\tex/latex/url\url.sty
\Urlmuskip=\muskip16
Package: url 2013/09/16  ver 3.4  Verb mode for urls, etc.
)
LaTeX Info: Redefining \url on input line 4772.
\XeTeXLinkMargin=\dimen175

(C:\Users\E.Mazarakis\AppData\Local\Programs\MiKTeX\tex/generic/bitset\bitset.s
ty
Package: bitset 2019/12/09 v1.3 Handle bit-vector datatype (HO)

(C:\Users\E.Mazarakis\AppData\Local\Programs\MiKTeX\tex/generic/bigintcalc\bigi
ntcalc.sty
Package: bigintcalc 2019/12/15 v1.5 Expandable calculations on big integers (HO
)
))
\Fld@menulength=\count294
\Field@Width=\dimen176
\Fld@charsize=\dimen177
Package hyperref Info: Hyper figures OFF on input line 6051.
Package hyperref Info: Link nesting OFF on input line 6056.
Package hyperref Info: Hyper index ON on input line 6059.
Package hyperref Info: backreferencing OFF on input line 6066.
Package hyperref Info: Link coloring OFF on input line 6071.
Package hyperref Info: Link coloring with OCG OFF on input line 6076.
Package hyperref Info: PDF/A mode OFF on input line 6081.

(C:\Users\E.Mazarakis\AppData\Local\Programs\MiKTeX\tex/latex/base\atbegshi-ltx
.sty
Package: atbegshi-ltx 2021/01/10 v1.0c Emulation of the original atbegshi
package with kernel methods
)
\Hy@abspage=\count295
\c@Item=\count296
\c@Hfootnote=\count297
)
Package hyperref Info: Driver (autodetected): hxetex.

(C:\Users\E.Mazarakis\AppData\Local\Programs\MiKTeX\tex/latex/hyperref\hxetex.d
ef
File: hxetex.def 2023-07-08 v7.01b Hyperref driver for XeTeX

(C:\Users\E.Mazarakis\AppData\Local\Programs\MiKTeX\tex/generic/stringenc\strin
genc.sty
Package: stringenc 2019/11/29 v1.12 Convert strings between diff. encodings (HO
)
)
\pdfm@box=\box62
\c@Hy@AnnotLevel=\count298
\HyField@AnnotCount=\count299
\Fld@listcount=\count300
\c@bookmark@seq@number=\count301

(C:\Users\E.Mazarakis\AppData\Local\Programs\MiKTeX\tex/latex/rerunfilecheck\re
runfilecheck.sty
Package: rerunfilecheck 2022-07-10 v1.10 Rerun checks for auxiliary files (HO)

(C:\Users\E.Mazarakis\AppData\Local\Programs\MiKTeX\tex/latex/base\atveryend-lt
x.sty
Package: atveryend-ltx 2020/08/19 v1.0a Emulation of the original atveryend pac
kage
with kernel methods
)
(C:\Users\E.Mazarakis\AppData\Local\Programs\MiKTeX\tex/generic/uniquecounter\u
niquecounter.sty
Package: uniquecounter 2019/12/15 v1.4 Provide unlimited unique counter (HO)
)
Package uniquecounter Info: New unique counter `rerunfilecheck' on input line 2
85.
)
\Hy@SectionHShift=\skip90
)
(C:\Users\E.Mazarakis\AppData\Local\Programs\MiKTeX\tex/latex/tools\array.sty
Package: array 2022/09/04 v2.5g Tabular extension package (FMi)
\col@sep=\dimen178
\ar@mcellbox=\box63
\extrarowheight=\dimen179
\NC@list=\toks26
\extratabsurround=\skip91
\backup@length=\skip92
\ar@cellbox=\box64
)
(C:\Users\E.Mazarakis\AppData\Local\Programs\MiKTeX\tex/latex/multirow\multirow
.sty
Package: multirow 2021/03/15 v2.8 Span multiple rows of a table
\multirow@colwidth=\skip93
\multirow@cntb=\count302
\multirow@dima=\skip94
\bigstrutjot=\dimen180
)
(C:\Users\E.Mazarakis\AppData\Local\Programs\MiKTeX\tex/latex/amscls\amsthm.sty
Package: amsthm 2020/05/29 v2.20.6
\thm@style=\toks27
\thm@bodyfont=\toks28
\thm@headfont=\toks29
\thm@notefont=\toks30
\thm@headpunct=\toks31
\thm@preskip=\skip95
\thm@postskip=\skip96
\thm@headsep=\skip97
\dth@everypar=\toks32
)
\c@definition=\count303

(C:\Users\E.Mazarakis\AppData\Local\Programs\MiKTeX\tex/latex/amsmath\amsmath.s
ty
Package: amsmath 2023/05/13 v2.17o AMS math features
\@mathmargin=\skip98

For additional information on amsmath, use the `?' option.

(C:\Users\E.Mazarakis\AppData\Local\Programs\MiKTeX\tex/latex/amsmath\amstext.s
ty
Package: amstext 2021/08/26 v2.01 AMS text

(C:\Users\E.Mazarakis\AppData\Local\Programs\MiKTeX\tex/latex/amsmath\amsgen.st
y
File: amsgen.sty 1999/11/30 v2.0 generic functions
\@emptytoks=\toks33
\ex@=\dimen181
))
(C:\Users\E.Mazarakis\AppData\Local\Programs\MiKTeX\tex/latex/amsmath\amsbsy.st
y
Package: amsbsy 1999/11/29 v1.2d Bold Symbols
\pmbraise@=\dimen182
)
(C:\Users\E.Mazarakis\AppData\Local\Programs\MiKTeX\tex/latex/amsmath\amsopn.st
y
Package: amsopn 2022/04/08 v2.04 operator names
)
\inf@bad=\count304
LaTeX Info: Redefining \frac on input line 234.
\uproot@=\count305
\leftroot@=\count306
LaTeX Info: Redefining \overline on input line 399.
LaTeX Info: Redefining \colon on input line 410.
\classnum@=\count307
\DOTSCASE@=\count308
LaTeX Info: Redefining \ldots on input line 496.
LaTeX Info: Redefining \dots on input line 499.
LaTeX Info: Redefining \cdots on input line 620.
\Mathstrutbox@=\box65
\strutbox@=\box66
LaTeX Info: Redefining \big on input line 722.
LaTeX Info: Redefining \Big on input line 723.
LaTeX Info: Redefining \bigg on input line 724.
LaTeX Info: Redefining \Bigg on input line 725.
\big@size=\dimen183
LaTeX Font Info:    Redeclaring font encoding OML on input line 743.
LaTeX Font Info:    Redeclaring font encoding OMS on input line 744.
\macc@depth=\count309
LaTeX Info: Redefining \bmod on input line 905.
LaTeX Info: Redefining \pmod on input line 910.
LaTeX Info: Redefining \smash on input line 940.
LaTeX Info: Redefining \relbar on input line 970.
LaTeX Info: Redefining \Relbar on input line 971.
\c@MaxMatrixCols=\count310
\dotsspace@=\muskip17
\c@parentequation=\count311
\dspbrk@lvl=\count312
\tag@help=\toks34
\row@=\count313
\column@=\count314
\maxfields@=\count315
\andhelp@=\toks35
\eqnshift@=\dimen184
\alignsep@=\dimen185
\tagshift@=\dimen186
\tagwidth@=\dimen187
\totwidth@=\dimen188
\lineht@=\dimen189
\@envbody=\toks36
\multlinegap=\skip99
\multlinetaggap=\skip100
\mathdisplay@stack=\toks37
LaTeX Info: Redefining \[ on input line 2953.
LaTeX Info: Redefining \] on input line 2954.
)
(C:\Users\E.Mazarakis\AppData\Local\Programs\MiKTeX\tex/latex/enumitem\enumitem
.sty
Package: enumitem 2019/06/20 v3.9 Customized lists
\enitkv@toks@=\toks38
\labelindent=\skip101
\enit@outerparindent=\dimen190
\enit@toks=\toks39
\enit@inbox=\box67
\enit@count@id=\count316
\enitdp@description=\count317
)
(C:\Users\E.Mazarakis\AppData\Local\Programs\MiKTeX\tex/latex/listings\listings
.sty
\lst@mode=\count318
\lst@gtempboxa=\box68
\lst@token=\toks40
\lst@length=\count319
\lst@currlwidth=\dimen191
\lst@column=\count320
\lst@pos=\count321
\lst@lostspace=\dimen192
\lst@width=\dimen193
\lst@newlines=\count322
\lst@lineno=\count323
\lst@maxwidth=\dimen194

(C:\Users\E.Mazarakis\AppData\Local\Programs\MiKTeX\tex/latex/listings\lstmisc.
sty
File: lstmisc.sty 2023/02/27 1.9 (Carsten Heinz)
\c@lstnumber=\count324
\lst@skipnumbers=\count325
\lst@framebox=\box69
)
(C:\Users\E.Mazarakis\AppData\Local\Programs\MiKTeX\tex/latex/listings\listings
.cfg
File: listings.cfg 2023/02/27 1.9 listings configuration
))
Package: listings 2023/02/27 1.9 (Carsten Heinz)


LaTeX Warning: Unused global option(s):
    [en].

(Master_Thesis_en.aux (FrontMatter/001.CoverEn/CoverEn.aux)
(FrontMatter/000.BlankPage/BlankPage.aux) (FrontMatter/002.CoverGr/CoverGr.aux)
(FrontMatter/000.BlankPage/BlankPage.aux)
(FrontMatter/003.ExamComEn/ExamComEn.aux)
(FrontMatter/000.BlankPage/BlankPage.aux)
(FrontMatter/004.ExamComGr/ExamComGr.aux)
(FrontMatter/000.BlankPage/BlankPage.aux)
(FrontMatter/005.AbstractEn/AbstractEn.aux)
(FrontMatter/000.BlankPage/BlankPage.aux)
(FrontMatter/006.AbstractGr/AbstractGr.aux)
(FrontMatter/000.BlankPage/BlankPage.aux)
(FrontMatter/007.Inscriptions/Inscriptions.aux)
(FrontMatter/000.BlankPage/BlankPage.aux)
(FrontMatter/008.Acknowledgements/Acknowledgements.aux)
(FrontMatter/000.BlankPage/BlankPage.aux)
(FrontMatter/000.BlankPage/BlankPage.aux)
(FrontMatter/000.BlankPage/BlankPage.aux)
(FrontMatter/000.BlankPage/BlankPage.aux)
(FrontMatter/000.BlankPage/BlankPage.aux)
(FrontMatter/000.BlankPage/BlankPage.aux) (BackMatter/Acronyms/Acronyms.aux)
(FrontMatter/000.BlankPage/BlankPage.aux))
\openout1 = `Master_Thesis_en.aux'.

LaTeX Font Info:    Checking defaults for OML/cmm/m/it on input line 142.
LaTeX Font Info:    ... okay on input line 142.
LaTeX Font Info:    Checking defaults for OMS/cmsy/m/n on input line 142.
LaTeX Font Info:    ... okay on input line 142.
LaTeX Font Info:    Checking defaults for OT1/cmr/m/n on input line 142.
LaTeX Font Info:    ... okay on input line 142.
LaTeX Font Info:    Checking defaults for T1/cmr/m/n on input line 142.
LaTeX Font Info:    ... okay on input line 142.
LaTeX Font Info:    Checking defaults for TS1/cmr/m/n on input line 142.
LaTeX Font Info:    Trying to load font information for TS1+cmr on input line 1
42.

(C:\Users\E.Mazarakis\AppData\Local\Programs\MiKTeX\tex/latex/base\ts1cmr.fd
File: ts1cmr.fd 2023/04/13 v2.5m Standard LaTeX font definitions
)
LaTeX Font Info:    ... okay on input line 142.
LaTeX Font Info:    Checking defaults for TU/lmr/m/n on input line 142.
LaTeX Font Info:    ... okay on input line 142.
LaTeX Font Info:    Checking defaults for OMX/cmex/m/n on input line 142.
LaTeX Font Info:    ... okay on input line 142.
LaTeX Font Info:    Checking defaults for U/cmr/m/n on input line 142.
LaTeX Font Info:    ... okay on input line 142.
LaTeX Font Info:    Checking defaults for T3/cmr/m/n on input line 142.
LaTeX Font Info:    Trying to load font information for T3+cmr on input line 14
2.

(C:\Users\E.Mazarakis\AppData\Local\Programs\MiKTeX\tex/latex/tipa\t3cmr.fd
File: t3cmr.fd 2001/12/31 TIPA font definitions
)
LaTeX Font Info:    ... okay on input line 142.
LaTeX Font Info:    Checking defaults for PD1/pdf/m/n on input line 142.
LaTeX Font Info:    ... okay on input line 142.
LaTeX Font Info:    Checking defaults for PU/pdf/m/n on input line 142.
LaTeX Font Info:    ... okay on input line 142.

Package fontspec Info: Adjusting the maths setup (use [no-math] to avoid
(fontspec)             this).

\symlegacymaths=\mathgroup4
LaTeX Font Info:    Overwriting symbol font `legacymaths' in version `bold'
(Font)                  OT1/cmr/m/n --> OT1/cmr/bx/n on input line 142.
LaTeX Font Info:    Redeclaring math accent \acute on input line 142.
LaTeX Font Info:    Redeclaring math accent \grave on input line 142.
LaTeX Font Info:    Redeclaring math accent \ddot on input line 142.
LaTeX Font Info:    Redeclaring math accent \tilde on input line 142.
LaTeX Font Info:    Redeclaring math accent \bar on input line 142.
LaTeX Font Info:    Redeclaring math accent \breve on input line 142.
LaTeX Font Info:    Redeclaring math accent \check on input line 142.
LaTeX Font Info:    Redeclaring math accent \hat on input line 142.
LaTeX Font Info:    Redeclaring math accent \dot on input line 142.
LaTeX Font Info:    Redeclaring math accent \mathring on input line 142.
LaTeX Font Info:    Redeclaring math symbol \Gamma on input line 142.
LaTeX Font Info:    Redeclaring math symbol \Delta on input line 142.
LaTeX Font Info:    Redeclaring math symbol \Theta on input line 142.
LaTeX Font Info:    Redeclaring math symbol \Lambda on input line 142.
LaTeX Font Info:    Redeclaring math symbol \Xi on input line 142.
LaTeX Font Info:    Redeclaring math symbol \Pi on input line 142.
LaTeX Font Info:    Redeclaring math symbol \Sigma on input line 142.
LaTeX Font Info:    Redeclaring math symbol \Upsilon on input line 142.
LaTeX Font Info:    Redeclaring math symbol \Phi on input line 142.
LaTeX Font Info:    Redeclaring math symbol \Psi on input line 142.
LaTeX Font Info:    Redeclaring math symbol \Omega on input line 142.
LaTeX Font Info:    Redeclaring math symbol \mathdollar on input line 142.
LaTeX Font Info:    Redeclaring symbol font `operators' on input line 142.
LaTeX Font Info:    Encoding `OT1' has changed to `TU' for symbol font
(Font)              `operators' in the math version `normal' on input line 142.

LaTeX Font Info:    Overwriting symbol font `operators' in version `normal'
(Font)                  OT1/cmr/m/n --> TU/Arial(0)/m/n on input line 142.
LaTeX Font Info:    Encoding `OT1' has changed to `TU' for symbol font
(Font)              `operators' in the math version `bold' on input line 142.
LaTeX Font Info:    Overwriting symbol font `operators' in version `bold'
(Font)                  OT1/cmr/bx/n --> TU/Arial(0)/m/n on input line 142.
LaTeX Font Info:    Overwriting symbol font `operators' in version `normal'
(Font)                  TU/Arial(0)/m/n --> TU/Arial(0)/m/n on input line 142.
LaTeX Font Info:    Overwriting math alphabet `\mathit' in version `normal'
(Font)                  OT1/cmr/m/it --> TU/Arial(0)/m/it on input line 142.
LaTeX Font Info:    Overwriting math alphabet `\mathbf' in version `normal'
(Font)                  OT1/cmr/bx/n --> TU/Arial(0)/b/n on input line 142.
LaTeX Font Info:    Overwriting math alphabet `\mathsf' in version `normal'
(Font)                  OT1/cmss/m/n --> TU/lmss/m/n on input line 142.
LaTeX Font Info:    Overwriting math alphabet `\mathtt' in version `normal'
(Font)                  OT1/cmtt/m/n --> TU/lmtt/m/n on input line 142.
LaTeX Font Info:    Overwriting symbol font `operators' in version `bold'
(Font)                  TU/Arial(0)/m/n --> TU/Arial(0)/b/n on input line 142.
LaTeX Font Info:    Overwriting math alphabet `\mathit' in version `bold'
(Font)                  OT1/cmr/bx/it --> TU/Arial(0)/b/it on input line 142.
LaTeX Font Info:    Overwriting math alphabet `\mathsf' in version `bold'
(Font)                  OT1/cmss/bx/n --> TU/lmss/b/n on input line 142.
LaTeX Font Info:    Overwriting math alphabet `\mathtt' in version `bold'
(Font)                  OT1/cmtt/m/n --> TU/lmtt/b/n on input line 142.
The property list \__xpg_alias contains the pairs (without outer braces):
>  {latex/target}  =>  {latex}
>  {english/target}  =>  {english}
>  {en/target}  =>  {english}
>  {en-AU/target}  =>  {english}
>  {en-AU/variant}  =>  {australian}
>  {en-AU/options}  =>  {variant=australian}
>  {en-CA/target}  =>  {english}
>  {en-CA/variant}  =>  {canadian}
>  {en-CA/options}  =>  {variant=canadian}
>  {en-GB/target}  =>  {english}
>  {en-GB/variant}  =>  {british}
>  {en-GB/options}  =>  {variant=british}
>  {en-NZ/target}  =>  {english}
>  {en-NZ/variant}  =>  {newzealand}
>  {en-NZ/options}  =>  {variant=newzealand}
>  {en-US/target}  =>  {english}
>  {en-US/variant}  =>  {us}
>  {en-US/options}  =>  {variant=us}
>  {american/target}  =>  {english}
>  {american/variant}  =>  {us}
>  {american/options}  =>  {variant=us}
>  {australian/target}  =>  {english}
>  {australian/variant}  =>  {australian}
>  {australian/options}  =>  {variant=australian}
>  {british/target}  =>  {english}
>  {british/variant}  =>  {british}
>  {british/options}  =>  {variant=british}
>  {canadian/target}  =>  {english}
>  {canadian/variant}  =>  {canadian}
>  {canadian/options}  =>  {variant=canadian}
>  {newzealand/target}  =>  {english}
>  {newzealand/variant}  =>  {newzealand}
>  {newzealand/options}  =>  {variant=newzealand}
>  {greek/target}  =>  {greek}
>  {grc/target}  =>  {greek}
>  {grc/variant}  =>  {ancient}
>  {grc/options}  =>  {variant=ancient}
>  {el-polyton/target}  =>  {greek}
>  {el-polyton/options}  =>  {varant=polytonic}
>  {el-monoton/target}  =>  {greek}
>  {el-monoton/variant}  =>  {monotonic}
>  {el-monoton/options}  =>  {variant=monotonic}
>  {el/target}  =>  {greek}
>  {polutonikogreek/target}  =>  {greek}
>  {polutonikogreek/variant}  =>  {polytonic}
>  {polutonikogreek/options}  =>  {variant=polytonic}.

*geometry* driver: auto-detecting
*geometry* detected driver: xetex
*geometry* verbose mode - [ preamble ] result:
* driver: xetex
* paper: a4paper
* layout: <same size as paper>
* layoutoffset:(h,v)=(0.0pt,0.0pt)
* bindingoffset: 14.22636pt
* modes: includehead includefoot 
* h-part:(L,W,R)=(56.9055pt, 469.4705pt, 56.9055pt)
* v-part:(T,H,B)=(56.9055pt, 731.23584pt, 56.9055pt)
* \paperwidth=597.50787pt
* \paperheight=845.04684pt
* \textwidth=469.4705pt
* \textheight=645.10397pt
* \oddsidemargin=-1.13812pt
* \evensidemargin=-15.36449pt
* \topmargin=-15.36449pt
* \headheight=15.0pt
* \headsep=35.56593pt
* \topskip=11.0pt
* \footskip=35.56593pt
* \marginparwidth=53.0pt
* \marginparsep=7.0pt
* \columnsep=10.0pt
* \skip\footins=10.0pt plus 4.0pt minus 2.0pt
* \hoffset=0.0pt
* \voffset=0.0pt
* \mag=1000
* \@twocolumnfalse
* \@twosidefalse
* \@mparswitchfalse
* \@reversemarginfalse
* (1in=72.27pt=25.4mm, 1cm=28.453pt)

Package hyperref Info: Link coloring OFF on input line 142.
(Master_Thesis_en.out) (Master_Thesis_en.out)
\@outlinefile=\write3
\openout3 = `Master_Thesis_en.out'.

\c@lstlisting=\count326
LaTeX Info: Redefining \rmfamily on input line 142.
LaTeX Info: Redefining \sffamily on input line 142.
LaTeX Info: Redefining \ttfamily on input line 142.
\openout2 = `FrontMatter/001.CoverEn/CoverEn.aux'.


(FrontMatter/001.CoverEn/CoverEn.tex
File: Emblems/athena-black.pdf Graphic file (type pdf)
<use Emblems/athena-black.pdf>

Overfull \hbox (17.0pt too wide) in paragraph at lines 11--48
[][] 
 []


Overfull \hbox (87.48973pt too wide) in paragraph at lines 51--57
[]\TU/Arial(0)/b/n/10.95 Supervisors: [] 
 []


Underfull \hbox (badness 10000) in paragraph at lines 51--57

 []

[1


])
\openout2 = `FrontMatter/000.BlankPage/BlankPage.aux'.

 (FrontMatter/000.BlankPage/BlankPage.tex [2




])
\openout2 = `FrontMatter/002.CoverGr/CoverGr.aux'.


(FrontMatter/002.CoverGr/CoverGr.tex
File: Emblems/athena-black.pdf Graphic file (type pdf)
<use Emblems/athena-black.pdf>

Overfull \hbox (17.0pt too wide) in paragraph at lines 11--48
[][] 
 []


Overfull \hbox (97.27415pt too wide) in paragraph at lines 51--57
[]\TU/Arial(0)/b/n/10.95 Επιβλέποντες: [] 
 []


Underfull \hbox (badness 10000) in paragraph at lines 51--57

 []

[3



])
\openout2 = `FrontMatter/000.BlankPage/BlankPage.aux'.

 (FrontMatter/000.BlankPage/BlankPage.tex [4




])
\openout2 = `FrontMatter/003.ExamComEn/ExamComEn.aux'.


(FrontMatter/003.ExamComEn/ExamComEn.tex
Overfull \hbox (101.5809pt too wide) in paragraph at lines 27--33
[]\TU/Arial(0)/b/n/10.95 SUPERVISORS: [] 
 []


Underfull \hbox (badness 10000) in paragraph at lines 27--33

 []


Overfull \hbox (166.23372pt too wide) in paragraph at lines 42--49
[]\TU/Arial(0)/b/n/10.95 EXAMINATION COMMITTEE: []
 []


Underfull \hbox (badness 10000) in paragraph at lines 42--49

 []

[5



])
\openout2 = `FrontMatter/000.BlankPage/BlankPage.aux'.

 (FrontMatter/000.BlankPage/BlankPage.tex [6




])
\openout2 = `FrontMatter/004.ExamComGr/ExamComGr.aux'.


(FrontMatter/004.ExamComGr/ExamComGr.tex
Overfull \hbox (108.3391pt too wide) in paragraph at lines 27--33
[]\TU/Arial(0)/b/n/10.95 ΕΠΙΒΛΕΠΟΝΤΕΣ: [] 
 []


Underfull \hbox (badness 10000) in paragraph at lines 27--33

 []


Overfull \hbox (148.83563pt too wide) in paragraph at lines 40--47
[]\TU/Arial(0)/b/n/10.95 ΕΞΕΤΑΣΤΙΚΗ ΕΠΙΤΡΟΠΗ: []
 []


Underfull \hbox (badness 10000) in paragraph at lines 40--47

 []

[7



])
\openout2 = `FrontMatter/000.BlankPage/BlankPage.aux'.

 (FrontMatter/000.BlankPage/BlankPage.tex [8




])
\openout2 = `FrontMatter/005.AbstractEn/AbstractEn.aux'.


(FrontMatter/005.AbstractEn/AbstractEn.tex
Underfull \hbox (badness 10000) in paragraph at lines 13--14

 []


Underfull \hbox (badness 10000) in paragraph at lines 15--16

 []


Underfull \hbox (badness 10000) in paragraph at lines 17--18

 []


Underfull \hbox (badness 10000) in paragraph at lines 24--25

 []

) [9




]
\openout2 = `FrontMatter/000.BlankPage/BlankPage.aux'.

 (FrontMatter/000.BlankPage/BlankPage.tex [10



])
\openout2 = `FrontMatter/006.AbstractGr/AbstractGr.aux'.


(FrontMatter/006.AbstractGr/AbstractGr.tex
Underfull \hbox (badness 3209) in paragraph at lines 17--19
\TU/Arial(0)/m/n/10.95 συμπεριλαμβανομένων των Variational Autoencoders (VAEs),
 των Generative Adversarial
 []


Underfull \hbox (badness 10000) in paragraph at lines 17--19

 []


Underfull \hbox (badness 10000) in paragraph at lines 20--21

 []


Underfull \hbox (badness 10000) in paragraph at lines 22--23

 []


Underfull \hbox (badness 1515) in paragraph at lines 24--25
[]\TU/Arial(0)/m/n/10.95 Τα ευρήματα υπογραμμίζουν την επίδραση αυτών των παραγ
ωγικών μοντέλων στο πεδίο
 []


Underfull \hbox (badness 10000) in paragraph at lines 29--30

 []

) [11




]
\openout2 = `FrontMatter/000.BlankPage/BlankPage.aux'.

 (FrontMatter/000.BlankPage/BlankPage.tex [12



])
\openout2 = `FrontMatter/007.Inscriptions/Inscriptions.aux'.


(FrontMatter/007.Inscriptions/Inscriptions.tex [13




])
\openout2 = `FrontMatter/000.BlankPage/BlankPage.aux'.


(FrontMatter/000.BlankPage/BlankPage.tex [14




])
\openout2 = `FrontMatter/008.Acknowledgements/Acknowledgements.aux'.


(FrontMatter/008.Acknowledgements/Acknowledgements.tex) [15




]
\openout2 = `FrontMatter/000.BlankPage/BlankPage.aux'.


(FrontMatter/000.BlankPage/BlankPage.tex [16



]) (Master_Thesis_en.toc
LaTeX Info: Redefining \rmfamily on input line 2.
LaTeX Info: Redefining \sffamily on input line 2.
LaTeX Info: Redefining \ttfamily on input line 2.
)
\tf@toc=\write4
\openout4 = `Master_Thesis_en.toc'.

 [17



]
(Master_Thesis_en.lof
LaTeX Info: Redefining \rmfamily on input line 3.
LaTeX Info: Redefining \sffamily on input line 3.
LaTeX Info: Redefining \ttfamily on input line 3.
LaTeX Info: Redefining \rmfamily on input line 5.
LaTeX Info: Redefining \sffamily on input line 5.
LaTeX Info: Redefining \ttfamily on input line 5.
LaTeX Info: Redefining \rmfamily on input line 7.
LaTeX Info: Redefining \sffamily on input line 7.
LaTeX Info: Redefining \ttfamily on input line 7.
LaTeX Info: Redefining \rmfamily on input line 9.
LaTeX Info: Redefining \sffamily on input line 9.
LaTeX Info: Redefining \ttfamily on input line 9.
LaTeX Info: Redefining \rmfamily on input line 11.
LaTeX Info: Redefining \sffamily on input line 11.
LaTeX Info: Redefining \ttfamily on input line 11.
LaTeX Info: Redefining \rmfamily on input line 13.
LaTeX Info: Redefining \sffamily on input line 13.
LaTeX Info: Redefining \ttfamily on input line 13.
LaTeX Info: Redefining \rmfamily on input line 15.
LaTeX Info: Redefining \sffamily on input line 15.
LaTeX Info: Redefining \ttfamily on input line 15.
LaTeX Info: Redefining \rmfamily on input line 16.
LaTeX Info: Redefining \sffamily on input line 16.
LaTeX Info: Redefining \ttfamily on input line 16.
LaTeX Info: Redefining \rmfamily on input line 17.
LaTeX Info: Redefining \sffamily on input line 17.
LaTeX Info: Redefining \ttfamily on input line 17.
LaTeX Info: Redefining \rmfamily on input line 18.
LaTeX Info: Redefining \sffamily on input line 18.
LaTeX Info: Redefining \ttfamily on input line 18.
LaTeX Info: Redefining \rmfamily on input line 19.
LaTeX Info: Redefining \sffamily on input line 19.
LaTeX Info: Redefining \ttfamily on input line 19.
LaTeX Info: Redefining \rmfamily on input line 20.
LaTeX Info: Redefining \sffamily on input line 20.
LaTeX Info: Redefining \ttfamily on input line 20.
LaTeX Info: Redefining \rmfamily on input line 21.
LaTeX Info: Redefining \sffamily on input line 21.
LaTeX Info: Redefining \ttfamily on input line 21.
LaTeX Info: Redefining \rmfamily on input line 24.
LaTeX Info: Redefining \sffamily on input line 24.
LaTeX Info: Redefining \ttfamily on input line 24.
LaTeX Info: Redefining \rmfamily on input line 25.
LaTeX Info: Redefining \sffamily on input line 25.
LaTeX Info: Redefining \ttfamily on input line 25.
LaTeX Info: Redefining \rmfamily on input line 26.
LaTeX Info: Redefining \sffamily on input line 26.
LaTeX Info: Redefining \ttfamily on input line 26.
LaTeX Info: Redefining \rmfamily on input line 27.
LaTeX Info: Redefining \sffamily on input line 27.
LaTeX Info: Redefining \ttfamily on input line 27.
LaTeX Info: Redefining \rmfamily on input line 28.
LaTeX Info: Redefining \sffamily on input line 28.
LaTeX Info: Redefining \ttfamily on input line 28.
LaTeX Info: Redefining \rmfamily on input line 29.
LaTeX Info: Redefining \sffamily on input line 29.
LaTeX Info: Redefining \ttfamily on input line 29.
LaTeX Info: Redefining \rmfamily on input line 31.
LaTeX Info: Redefining \sffamily on input line 31.
LaTeX Info: Redefining \ttfamily on input line 31.
LaTeX Info: Redefining \rmfamily on input line 32.
LaTeX Info: Redefining \sffamily on input line 32.
LaTeX Info: Redefining \ttfamily on input line 32.
LaTeX Info: Redefining \rmfamily on input line 33.
LaTeX Info: Redefining \sffamily on input line 33.
LaTeX Info: Redefining \ttfamily on input line 33.
LaTeX Info: Redefining \rmfamily on input line 35.
LaTeX Info: Redefining \sffamily on input line 35.
LaTeX Info: Redefining \ttfamily on input line 35.
LaTeX Info: Redefining \rmfamily on input line 37.
LaTeX Info: Redefining \sffamily on input line 37.
LaTeX Info: Redefining \ttfamily on input line 37.
LaTeX Info: Redefining \rmfamily on input line 39.
LaTeX Info: Redefining \sffamily on input line 39.
LaTeX Info: Redefining \ttfamily on input line 39.
LaTeX Info: Redefining \rmfamily on input line 41.
LaTeX Info: Redefining \sffamily on input line 41.
LaTeX Info: Redefining \ttfamily on input line 41.
LaTeX Info: Redefining \rmfamily on input line 43.
LaTeX Info: Redefining \sffamily on input line 43.
LaTeX Info: Redefining \ttfamily on input line 43.
LaTeX Info: Redefining \rmfamily on input line 45.
LaTeX Info: Redefining \sffamily on input line 45.
LaTeX Info: Redefining \ttfamily on input line 45.
LaTeX Info: Redefining \rmfamily on input line 47.
LaTeX Info: Redefining \sffamily on input line 47.
LaTeX Info: Redefining \ttfamily on input line 47.
LaTeX Info: Redefining \rmfamily on input line 49.
LaTeX Info: Redefining \sffamily on input line 49.
LaTeX Info: Redefining \ttfamily on input line 49.
LaTeX Info: Redefining \rmfamily on input line 51.
LaTeX Info: Redefining \sffamily on input line 51.
LaTeX Info: Redefining \ttfamily on input line 51.
)
\tf@lof=\write5
\openout5 = `Master_Thesis_en.lof'.

 [18

]
\openout2 = `FrontMatter/000.BlankPage/BlankPage.aux'.

 (FrontMatter/000.BlankPage/BlankPage.tex [19

])
(Master_Thesis_en.lot
LaTeX Info: Redefining \rmfamily on input line 3.
LaTeX Info: Redefining \sffamily on input line 3.
LaTeX Info: Redefining \ttfamily on input line 3.
LaTeX Info: Redefining \rmfamily on input line 4.
LaTeX Info: Redefining \sffamily on input line 4.
LaTeX Info: Redefining \ttfamily on input line 4.
LaTeX Info: Redefining \rmfamily on input line 5.
LaTeX Info: Redefining \sffamily on input line 5.
LaTeX Info: Redefining \ttfamily on input line 5.
LaTeX Info: Redefining \rmfamily on input line 6.
LaTeX Info: Redefining \sffamily on input line 6.
LaTeX Info: Redefining \ttfamily on input line 6.
LaTeX Info: Redefining \rmfamily on input line 7.
LaTeX Info: Redefining \sffamily on input line 7.
LaTeX Info: Redefining \ttfamily on input line 7.
LaTeX Info: Redefining \rmfamily on input line 8.
LaTeX Info: Redefining \sffamily on input line 8.
LaTeX Info: Redefining \ttfamily on input line 8.
LaTeX Info: Redefining \rmfamily on input line 9.
LaTeX Info: Redefining \sffamily on input line 9.
LaTeX Info: Redefining \ttfamily on input line 9.
LaTeX Info: Redefining \rmfamily on input line 11.
LaTeX Info: Redefining \sffamily on input line 11.
LaTeX Info: Redefining \ttfamily on input line 11.
LaTeX Info: Redefining \rmfamily on input line 13.
LaTeX Info: Redefining \sffamily on input line 13.
LaTeX Info: Redefining \ttfamily on input line 13.
LaTeX Info: Redefining \rmfamily on input line 15.
LaTeX Info: Redefining \sffamily on input line 15.
LaTeX Info: Redefining \ttfamily on input line 15.
LaTeX Info: Redefining \rmfamily on input line 17.
LaTeX Info: Redefining \sffamily on input line 17.
LaTeX Info: Redefining \ttfamily on input line 17.
LaTeX Info: Redefining \rmfamily on input line 19.
LaTeX Info: Redefining \sffamily on input line 19.
LaTeX Info: Redefining \ttfamily on input line 19.
LaTeX Info: Redefining \rmfamily on input line 21.
LaTeX Info: Redefining \sffamily on input line 21.
LaTeX Info: Redefining \ttfamily on input line 21.
LaTeX Info: Redefining \rmfamily on input line 23.
LaTeX Info: Redefining \sffamily on input line 23.
LaTeX Info: Redefining \ttfamily on input line 23.
LaTeX Info: Redefining \rmfamily on input line 25.
LaTeX Info: Redefining \sffamily on input line 25.
LaTeX Info: Redefining \ttfamily on input line 25.
LaTeX Info: Redefining \rmfamily on input line 27.
LaTeX Info: Redefining \sffamily on input line 27.
LaTeX Info: Redefining \ttfamily on input line 27.
LaTeX Info: Redefining \rmfamily on input line 29.
LaTeX Info: Redefining \sffamily on input line 29.
LaTeX Info: Redefining \ttfamily on input line 29.
LaTeX Info: Redefining \rmfamily on input line 31.
LaTeX Info: Redefining \sffamily on input line 31.
LaTeX Info: Redefining \ttfamily on input line 31.
LaTeX Info: Redefining \rmfamily on input line 33.
LaTeX Info: Redefining \sffamily on input line 33.
LaTeX Info: Redefining \ttfamily on input line 33.
LaTeX Info: Redefining \rmfamily on input line 36.
LaTeX Info: Redefining \sffamily on input line 36.
LaTeX Info: Redefining \ttfamily on input line 36.
LaTeX Info: Redefining \rmfamily on input line 38.
LaTeX Info: Redefining \sffamily on input line 38.
LaTeX Info: Redefining \ttfamily on input line 38.
LaTeX Info: Redefining \rmfamily on input line 40.
LaTeX Info: Redefining \sffamily on input line 40.
LaTeX Info: Redefining \ttfamily on input line 40.
LaTeX Info: Redefining \rmfamily on input line 41.
LaTeX Info: Redefining \sffamily on input line 41.
LaTeX Info: Redefining \ttfamily on input line 41.
LaTeX Info: Redefining \rmfamily on input line 42.
LaTeX Info: Redefining \sffamily on input line 42.
LaTeX Info: Redefining \ttfamily on input line 42.
LaTeX Info: Redefining \rmfamily on input line 43.
LaTeX Info: Redefining \sffamily on input line 43.
LaTeX Info: Redefining \ttfamily on input line 43.
LaTeX Info: Redefining \rmfamily on input line 44.
LaTeX Info: Redefining \sffamily on input line 44.
LaTeX Info: Redefining \ttfamily on input line 44.
LaTeX Info: Redefining \rmfamily on input line 45.
LaTeX Info: Redefining \sffamily on input line 45.
LaTeX Info: Redefining \ttfamily on input line 45.
LaTeX Info: Redefining \rmfamily on input line 46.
LaTeX Info: Redefining \sffamily on input line 46.
LaTeX Info: Redefining \ttfamily on input line 46.
LaTeX Info: Redefining \rmfamily on input line 47.
LaTeX Info: Redefining \sffamily on input line 47.
LaTeX Info: Redefining \ttfamily on input line 47.
LaTeX Info: Redefining \rmfamily on input line 48.
LaTeX Info: Redefining \sffamily on input line 48.
LaTeX Info: Redefining \ttfamily on input line 48.
LaTeX Info: Redefining \rmfamily on input line 49.
LaTeX Info: Redefining \sffamily on input line 49.
LaTeX Info: Redefining \ttfamily on input line 49.
)
\tf@lot=\write6
\openout6 = `Master_Thesis_en.lot'.

 [20



]
\openout2 = `FrontMatter/000.BlankPage/BlankPage.aux'.

 (FrontMatter/000.BlankPage/BlankPage.tex [21

])
(MainMatter/PrefaceEn/PrefaceEn.tex
Underfull \hbox (badness 10000) in paragraph at lines 14--15

 []


Underfull \hbox (badness 10000) in paragraph at lines 16--17

 []


Underfull \hbox (badness 10000) in paragraph at lines 18--19

 []


Underfull \hbox (badness 10000) in paragraph at lines 20--21

 []

) [8




]
\openout2 = `FrontMatter/000.BlankPage/BlankPage.aux'.

 (FrontMatter/000.BlankPage/BlankPage.tex [9

])
(MainMatter/PrefaceGr/PrefaceGr.tex
Underfull \hbox (badness 10000) in paragraph at lines 14--15

 []


Underfull \hbox (badness 1057) in paragraph at lines 16--17
\TU/Arial(0)/m/n/10.95 περιγράφουμε τις φάσεις υλοποίησης ενός Generative AI μο
ντέλου. Ακόμα προσφέρουμε
 []


Underfull \hbox (badness 10000) in paragraph at lines 16--17

 []


Underfull \hbox (badness 10000) in paragraph at lines 18--19

 []


Underfull \hbox (badness 10000) in paragraph at lines 20--21

 []

) [10



]
\openout2 = `FrontMatter/000.BlankPage/BlankPage.aux'.

 (FrontMatter/000.BlankPage/BlankPage.tex [11

])
Chapter 1.
File: Figures/000.Thesis_Organization.png Graphic file (type bmp)
<Figures/000.Thesis_Organization.png>
(MainMatter/Introduction/theAgeOfGenerativeAI/theAgeOfGenerativeAI.tex
Underfull \hbox (badness 10000) in paragraph at lines 7--8

 []

[12



]
Underfull \hbox (badness 10000) in paragraph at lines 9--10

 []


Underfull \hbox (badness 10000) in paragraph at lines 11--12

 []


Underfull \hbox (badness 10000) in paragraph at lines 13--15

 []


Underfull \hbox (badness 10000) in paragraph at lines 16--17

 []


Underfull \hbox (badness 10000) in paragraph at lines 18--19

 []

[13] [14]
Underfull \hbox (badness 10000) in paragraph at lines 146--147

 []


Underfull \hbox (badness 10000) in paragraph at lines 152--154

 []


Underfull \hbox (badness 10000) in paragraph at lines 155--156

 []

[15]
Underfull \hbox (badness 10000) in paragraph at lines 170--174

 []


Underfull \hbox (badness 10000) in paragraph at lines 177--180

 []


Underfull \hbox (badness 10000) in paragraph at lines 181--182

 []


Underfull \hbox (badness 10000) in paragraph at lines 183--185

 []

[16]
Underfull \hbox (badness 10000) in paragraph at lines 186--188

 []


Underfull \hbox (badness 10000) in paragraph at lines 189--191

 []


Underfull \hbox (badness 10000) in paragraph at lines 193--194

 []

File: Figures/002.VAEs_Architecture_v2.png Graphic file (type bmp)
<Figures/002.VAEs_Architecture_v2.png>

Underfull \hbox (badness 10000) in paragraph at lines 209--210

 []

[17]
Underfull \hbox (badness 10000) in paragraph at lines 211--212

 []


Underfull \hbox (badness 10000) in paragraph at lines 213--214

 []


Underfull \hbox (badness 10000) in paragraph at lines 215--216

 []


Underfull \hbox (badness 10000) in paragraph at lines 235--236

 []


Underfull \hbox (badness 10000) in paragraph at lines 237--238

 []


Underfull \hbox (badness 10000) in paragraph at lines 239--240

 []

[18]
File: Figures/003.GANs_Architecture.png Graphic file (type bmp)
<Figures/003.GANs_Architecture.png>


LaTeX Warning: `!h' float specifier changed to `!ht'.


Underfull \hbox (badness 10000) in paragraph at lines 286--287

 []

[19]
Missing character: There is no Τ in font cmmi8!

Underfull \hbox (badness 10000) in paragraph at lines 301--302

 []

File: Figures/004.DiffsMod_Architecture.png Graphic file (type bmp)
<Figures/004.DiffsMod_Architecture.png>

LaTeX Warning: `!h' float specifier changed to `!ht'.


Underfull \hbox (badness 10000) in paragraph at lines 315--316

 []

[20]
Underfull \hbox (badness 10000) in paragraph at lines 317--318

 []


Underfull \hbox (badness 10000) in paragraph at lines 319--321

 []


Underfull \hbox (badness 10000) in paragraph at lines 322--324

 []


Underfull \hbox (badness 10000) in paragraph at lines 325--326

 []

[21]
Missing character: There is no θ in font cmmi10!
File: Figures/005.Transformers_Architecture.png Graphic file (type bmp)
<Figures/005.Transformers_Architecture.png>

LaTeX Warning: `!h' float specifier changed to `!ht'.

[22]
File: Figures/001.Model_Implementation_Phases.png Graphic file (type bmp)
<Figures/001.Model_Implementation_Phases.png>


LaTeX Warning: `!h' float specifier changed to `!ht'.

) (MainMatter/Introduction/literarureReview/ClassificationOfGenModels.tex
Underfull \hbox (badness 10000) in paragraph at lines 5--9

 []


Underfull \hbox (badness 10000) in paragraph at lines 11--13

 []

[23]
Underfull \hbox (badness 10000) in paragraph at lines 14--15

 []


Underfull \hbox (badness 10000) in paragraph at lines 42--43

 []

[24]
Underfull \hbox (badness 10000) in paragraph at lines 44--45

 []


Underfull \hbox (badness 10000) in paragraph at lines 46--47

 []


Underfull \hbox (badness 10000) in paragraph at lines 53--54

 []


Underfull \hbox (badness 10000) in paragraph at lines 55--56

 []


Underfull \hbox (badness 10000) in paragraph at lines 57--59

 []


Underfull \hbox (badness 10000) in paragraph at lines 60--61

 []


Underfull \hbox (badness 10000) in paragraph at lines 76--77

 []

[25]
Underfull \hbox (badness 10000) in paragraph at lines 83--85

 []


Underfull \hbox (badness 10000) in paragraph at lines 107--108

 []


Underfull \hbox (badness 1028) in paragraph at lines 118--118
[]|\TU/Arial(0)/m/n/10.95 Generate images based on textual in-
 []


LaTeX Warning: `!h' float specifier changed to `!ht'.


Underfull \hbox (badness 10000) in paragraph at lines 139--140

 []

[26]
Underfull \hbox (badness 10000) in paragraph at lines 141--142

 []


Underfull \hbox (badness 10000) in paragraph at lines 143--144

 []


Underfull \hbox (badness 10000) in paragraph at lines 145--146

 []


Underfull \hbox (badness 10000) in paragraph at lines 152--153

 []

[27]
Underfull \hbox (badness 10000) in paragraph at lines 165--166

 []


Underfull \hbox (badness 10000) in paragraph at lines 170--171

 []


Underfull \hbox (badness 10000) in paragraph at lines 172--173

 []


Underfull \hbox (badness 10000) in paragraph at lines 174--175

 []

[28]
Underfull \hbox (badness 10000) in paragraph at lines 195--196

 []


Underfull \hbox (badness 10000) in paragraph at lines 206--207

 []


Underfull \hbox (badness 10000) in paragraph at lines 234--235

 []


Underfull \hbox (badness 10000) in paragraph at lines 236--238

 []

[29]
Underfull \hbox (badness 10000) in paragraph at lines 239--240

 []


Underfull \hbox (badness 10000) in paragraph at lines 241--242

 []


Underfull \hbox (badness 10000) in paragraph at lines 248--249

 []


Underfull \hbox (badness 10000) in paragraph at lines 258--259

 []


Underfull \hbox (badness 10000) in paragraph at lines 260--261

 []

[30]
Underfull \hbox (badness 10000) in paragraph at lines 267--268

 []


Underfull \hbox (badness 10000) in paragraph at lines 278--279

 []


Underfull \hbox (badness 10000) in paragraph at lines 285--286

 []

[31]
Underfull \hbox (badness 10000) in paragraph at lines 305--310

 []


Underfull \hbox (badness 10000) in paragraph at lines 336--337

 []

[32]
Underfull \hbox (badness 10000) in paragraph at lines 347--348

 []


Underfull \hbox (badness 10000) in paragraph at lines 353--354

 []


Underfull \hbox (badness 10000) in paragraph at lines 364--365

 []

[33]
Underfull \hbox (badness 10000) in paragraph at lines 388--389

 []


Underfull \hbox (badness 10000) in paragraph at lines 395--396

 []

[34]
Underfull \hbox (badness 10000) in paragraph at lines 404--405

 []


Underfull \hbox (badness 10000) in paragraph at lines 414--415

 []


Underfull \hbox (badness 10000) in paragraph at lines 442--443

 []

[35]
Underfull \hbox (badness 10000) in paragraph at lines 453--454

 []


Underfull \hbox (badness 10000) in paragraph at lines 459--461

 []


Underfull \hbox (badness 1735) in paragraph at lines 466--467
[]\TU/Arial(0)/m/n/10.95 The multi-lingual dataset BIGQUERY consists of code in
 multiple programming lan-
 []


Underfull \hbox (badness 10000) in paragraph at lines 470--471

 []


Underfull \hbox (badness 10000) in paragraph at lines 477--478

 []

[36]
Underfull \hbox (badness 10000) in paragraph at lines 479--480

 []


Underfull \hbox (badness 10000) in paragraph at lines 497--499

 []


Underfull \hbox (badness 10000) in paragraph at lines 508--509

 []

[37]
Overfull \hbox (0.69267pt too wide) in paragraph at lines 523--523
[]|\TU/Arial(0)/m/n/10.95 ImageDream| 
 []


Underfull \hbox (badness 10000) in paragraph at lines 536--537

 []


Underfull \hbox (badness 10000) in paragraph at lines 548--549

 []


Underfull \hbox (badness 10000) in paragraph at lines 554--555

 []

[38]
Underfull \hbox (badness 10000) in paragraph at lines 563--564

 []


Underfull \hbox (badness 10000) in paragraph at lines 569--570

 []


Underfull \hbox (badness 10000) in paragraph at lines 571--572

 []


Underfull \hbox (badness 10000) in paragraph at lines 573--574

 []


Underfull \hbox (badness 10000) in paragraph at lines 580--581

 []


Underfull \hbox (badness 10000) in paragraph at lines 582--583

 []


Underfull \hbox (badness 10000) in paragraph at lines 584--585

 []

[39]
File: Figures/006.Tree_for_Models.png Graphic file (type bmp)
<Figures/006.Tree_for_Models.png>
) [40]
Chapter 2.
(MainMatter/Evaluation/models/models.tex
Underfull \hbox (badness 10000) in paragraph at lines 5--6

 []


Underfull \hbox (badness 10000) in paragraph at lines 10--12

 []


(C:\Users\E.Mazarakis\AppData\Local\Programs\MiKTeX\tex/latex/listings\lstlang1
.sty
File: lstlang1.sty 2023/02/27 1.9 listings language file
) [41

] [42]
Underfull \hbox (badness 10000) in paragraph at lines 128--130

 []


Underfull \hbox (badness 10000) in paragraph at lines 140--141

 []


Underfull \hbox (badness 10000) in paragraph at lines 145--147

 []

[43]
Underfull \hbox (badness 10000) in paragraph at lines 148--149

 []


Underfull \hbox (badness 10000) in paragraph at lines 150--151

 []

) (MainMatter/Evaluation/benchmark/benchmark.tex
Underfull \hbox (badness 10000) in paragraph at lines 29--30

 []


Underfull \hbox (badness 10000) in paragraph at lines 33--34

 []


Underfull \hbox (badness 10000) in paragraph at lines 33--34

 []


Underfull \hbox (badness 10000) in paragraph at lines 35--36

 []


Overfull \hbox (10.97356pt too wide) in paragraph at lines 42--71
[][][][] 
 []

[44]
Overfull \hbox (10.97356pt too wide) in paragraph at lines 81--110
[][][][] 
 []


Overfull \hbox (10.97356pt too wide) in paragraph at lines 120--149
[][][][] 
 []


LaTeX Warning: `!h' float specifier changed to `!ht'.


Overfull \hbox (6.173pt too wide) in paragraph at lines 175--175
[]|[]| 
 []


Overfull \hbox (10.97356pt too wide) in paragraph at lines 159--188
[][][][] 
 []


LaTeX Warning: `!h' float specifier changed to `!ht'.


Overfull \hbox (10.97356pt too wide) in paragraph at lines 198--227
[][][][] 
 []


LaTeX Warning: `!h' float specifier changed to `!ht'.


Overfull \hbox (3.39276pt too wide) in paragraph at lines 253--253
[]|[]| 
 []


Overfull \hbox (10.97356pt too wide) in paragraph at lines 237--266
[][][][] 
 []


LaTeX Warning: `!h' float specifier changed to `!ht'.

) [45] [46] [47]
Chapter 3.

Underfull \hbox (badness 10000) in paragraph at lines 296--297

 []

(MainMatter/Conclusion/results/results.tex
Underfull \hbox (badness 1371) in paragraph at lines 5--8
\TU/Arial(0)/m/n/10.95 We survey XXXX students that evaluate the performance of
 Stable Diffusion, DALL-E 2,
 []


Overfull \hbox (10.8213pt too wide) in paragraph at lines 11--22
[][][][] 
 []


LaTeX Warning: `!h' float specifier changed to `!ht'.

) (MainMatter/Conclusion/findings/findings.tex
Underfull \hbox (badness 10000) in paragraph at lines 6--7

 []

[48

]
Underfull \hbox (badness 10000) in paragraph at lines 42--43

 []

File: Figures/007.SD_text_limitations.jpg Graphic file (type bmp)
<Figures/007.SD_text_limitations.jpg>

LaTeX Warning: `!h' float specifier changed to `!ht'.

File: Figures/008.SD_people_limitations.png Graphic file (type bmp)
<Figures/008.SD_people_limitations.png>

LaTeX Warning: `!h' float specifier changed to `!ht'.

File: Figures/009.SD_compositionality_limitations.jpg Graphic file (type bmp)
<Figures/009.SD_compositionality_limitations.jpg>

LaTeX Warning: `!h' float specifier changed to `!ht'.


Underfull \hbox (badness 10000) in paragraph at lines 80--81

 []

[49] [50]
File: Figures/010.DL_text_limitations.jpg Graphic file (type bmp)
<Figures/010.DL_text_limitations.jpg>


LaTeX Warning: `!h' float specifier changed to `!ht'.

File: Figures/011.DL_people_limitations_faces.jpg Graphic file (type bmp)
<Figures/011.DL_people_limitations_faces.jpg>

LaTeX Warning: `!h' float specifier changed to `!ht'.

File: Figures/012.DL_people_limitations_fingers.jpg Graphic file (type bmp)
<Figures/012.DL_people_limitations_fingers.jpg>

LaTeX Warning: `!h' float specifier changed to `!ht'.

File: Figures/013.DL_people_limitations_pupils.jpg Graphic file (type bmp)
<Figures/013.DL_people_limitations_pupils.jpg>

LaTeX Warning: `!h' float specifier changed to `!ht'.

File: Figures/014.DL_backgrounds.jpg Graphic file (type bmp)
<Figures/014.DL_backgrounds.jpg>

LaTeX Warning: `!h' float specifier changed to `!ht'.

File: Figures/015.DL_improved_text_1024.jpg Graphic file (type bmp)
<Figures/015.DL_improved_text_1024.jpg>

LaTeX Warning: `!h' float specifier changed to `!ht'.

File: Figures/016.DL_improved_people_characteristics_1024.jpg Graphic file (typ
e bmp)
<Figures/016.DL_improved_people_characteristics_1024.jpg>

LaTeX Warning: `!h' float specifier changed to `!ht'.


Underfull \hbox (badness 10000) in paragraph at lines 221--222

 []

) [51] [52] [53] [54]
\openout2 = `FrontMatter/000.BlankPage/BlankPage.aux'.

 (FrontMatter/000.BlankPage/BlankPage.tex [55

])
\openout2 = `BackMatter/Acronyms/Acronyms.aux'.


(BackMatter/Acronyms/Acronyms.tex) [56




]
\openout2 = `FrontMatter/000.BlankPage/BlankPage.aux'.


(FrontMatter/000.BlankPage/BlankPage.tex [57



]) (Master_Thesis_en.bbl [58



]
[59] [60] [61] [62] [63] [64] [65] [66])
The property list \polyglossia@langsetup contains the pairs (without outer
braces):
>  {latex/script}  =>  {latin}
>  {latex/lcscript}  =>  {latin}
>  {latex/scripttag}  =>  {}
>  {latex/language}  =>  {Latex}
>  {latex/langtag}  =>  {ENG}
>  {latex/bcp47}  =>  {en-US}
>  {latex/bcp47-language}  =>  {en}
>  {latex/bcp47-region}  =>  {US}
>  {latex/bcp47-script}  =>  {Latn}
>  {latex/bcp47-variant}  =>  {}
>  {latex/bcp47-extension-t}  =>  {}
>  {latex/bcp47-extension-u}  =>  {}
>  {latex/bcp47-extension-x}  =>  {}
>  {latex/bcp47-casing}  =>  {}
>  {latex/hyphennames}  =>  {english}
>  {latex/direction}  =>  {LR}
>  {latex/hyphenmins}  =>  {2,3}
>  {latex/frenchspacing}  =>  {false}
>  {latex/indentfirst}  =>  {false}
>  {latex/fontsetup}  =>  {true}
>  {latex/envname}  =>  {latex}
>  {latex/babelname}  =>  {latex}
>  {latex/localnumeral}  =>  {polyglossia@C@localnumeral}
>  {latex/Localnumeral}  =>  {polyglossia@C@localnumeral}
>  {latex/DefineCommandsCmd}  =>  {use_none:n}
>  {english/script}  =>  {latin}
>  {english/lcscript}  =>  {latin}
>  {english/scripttag}  =>  {}
>  {english/language}  =>  {English}
>  {english/langtag}  =>  {ENG}
>  {english/bcp47}  =>  {en-US}
>  {english/bcp47-language}  =>  {en}
>  {english/bcp47-region}  =>  {US}
>  {english/bcp47-script}  =>  {Latn}
>  {english/bcp47-variant}  =>  {}
>  {english/bcp47-extension-t}  =>  {}
>  {english/bcp47-extension-u}  =>  {}
>  {english/bcp47-extension-x}  =>  {}
>  {english/bcp47-casing}  =>  {}
>  {english/hyphennames}  =>  {english,american,usenglish,USenglish}
>  {english/direction}  =>  {LR}
>  {english/hyphenmins}  =>  {2,3}
>  {english/frenchspacing}  =>  {false}
>  {english/indentfirst}  =>  {false}
>  {english/fontsetup}  =>  {true}
>  {english/envname}  =>  {english}
>  {english/babelname}  =>  {american}
>  {english/localnumeral}  =>  {polyglossia@C@localnumeral}
>  {english/Localnumeral}  =>  {polyglossia@C@localnumeral}
>  {english/DefineCommandsCmd}  =>  {xpg_define_language_commands:e}
>  {greek/script}  =>  {Greek}
>  {greek/lcscript}  =>  {greek}
>  {greek/scripttag}  =>  {grek}
>  {greek/language}  =>  {Greek}
>  {greek/langtag}  =>  {ELL}
>  {greek/bcp47}  =>  {el-monoton}
>  {greek/bcp47-language}  =>  {el}
>  {greek/bcp47-region}  =>  {}
>  {greek/bcp47-script}  =>  {Grek}
>  {greek/bcp47-variant}  =>  {monoton}
>  {greek/bcp47-extension-t}  =>  {}
>  {greek/bcp47-extension-u}  =>  {nu-grek}
>  {greek/bcp47-extension-x}  =>  {}
>  {greek/bcp47-casing}  =>  {el}
>  {greek/hyphennames}  =>  {}
>  {greek/direction}  =>  {LR}
>  {greek/hyphenmins}  =>  {2,3}
>  {greek/frenchspacing}  =>  {true}
>  {greek/indentfirst}  =>  {true}
>  {greek/fontsetup}  =>  {true}
>  {greek/envname}  =>  {greek}
>  {greek/babelname}  =>  {greek}
>  {greek/localnumeral}  =>  {greeknumerals}
>  {greek/Localnumeral}  =>  {Greeknumerals}
>  {greek/DefineCommandsCmd}  =>  {xpg_define_language_commands:e}.
The property list \__xpg_alias contains the pairs (without outer braces):
>  {latex/target}  =>  {latex}
>  {english/target}  =>  {english}
>  {en/target}  =>  {english}
>  {en-AU/target}  =>  {english}
>  {en-AU/variant}  =>  {australian}
>  {en-AU/options}  =>  {variant=australian}
>  {en-CA/target}  =>  {english}
>  {en-CA/variant}  =>  {canadian}
>  {en-CA/options}  =>  {variant=canadian}
>  {en-GB/target}  =>  {english}
>  {en-GB/variant}  =>  {british}
>  {en-GB/options}  =>  {variant=british}
>  {en-NZ/target}  =>  {english}
>  {en-NZ/variant}  =>  {newzealand}
>  {en-NZ/options}  =>  {variant=newzealand}
>  {en-US/target}  =>  {english}
>  {en-US/variant}  =>  {us}
>  {en-US/options}  =>  {variant=us}
>  {american/target}  =>  {english}
>  {american/variant}  =>  {us}
>  {american/options}  =>  {variant=us}
>  {australian/target}  =>  {english}
>  {australian/variant}  =>  {australian}
>  {australian/options}  =>  {variant=australian}
>  {british/target}  =>  {english}
>  {british/variant}  =>  {british}
>  {british/options}  =>  {variant=british}
>  {canadian/target}  =>  {english}
>  {canadian/variant}  =>  {canadian}
>  {canadian/options}  =>  {variant=canadian}
>  {newzealand/target}  =>  {english}
>  {newzealand/variant}  =>  {newzealand}
>  {newzealand/options}  =>  {variant=newzealand}
>  {greek/target}  =>  {greek}
>  {grc/target}  =>  {greek}
>  {grc/variant}  =>  {ancient}
>  {grc/options}  =>  {variant=ancient}
>  {el-polyton/target}  =>  {greek}
>  {el-polyton/options}  =>  {varant=polytonic}
>  {el-monoton/target}  =>  {greek}
>  {el-monoton/variant}  =>  {monotonic}
>  {el-monoton/options}  =>  {variant=monotonic}
>  {el/target}  =>  {greek}
>  {polutonikogreek/target}  =>  {greek}
>  {polutonikogreek/variant}  =>  {polytonic}
>  {polutonikogreek/options}  =>  {variant=polytonic}.
 [67] (Master_Thesis_en.aux
(FrontMatter/001.CoverEn/CoverEn.aux) (FrontMatter/000.BlankPage/BlankPage.aux)
(FrontMatter/002.CoverGr/CoverGr.aux) (FrontMatter/000.BlankPage/BlankPage.aux)
(FrontMatter/003.ExamComEn/ExamComEn.aux)
(FrontMatter/000.BlankPage/BlankPage.aux)
(FrontMatter/004.ExamComGr/ExamComGr.aux)
(FrontMatter/000.BlankPage/BlankPage.aux)
(FrontMatter/005.AbstractEn/AbstractEn.aux)
(FrontMatter/000.BlankPage/BlankPage.aux)
(FrontMatter/006.AbstractGr/AbstractGr.aux)
(FrontMatter/000.BlankPage/BlankPage.aux)
(FrontMatter/007.Inscriptions/Inscriptions.aux)
(FrontMatter/000.BlankPage/BlankPage.aux)
(FrontMatter/008.Acknowledgements/Acknowledgements.aux)
(FrontMatter/000.BlankPage/BlankPage.aux)
(FrontMatter/000.BlankPage/BlankPage.aux)
(FrontMatter/000.BlankPage/BlankPage.aux)
(FrontMatter/000.BlankPage/BlankPage.aux)
(FrontMatter/000.BlankPage/BlankPage.aux)
(FrontMatter/000.BlankPage/BlankPage.aux) (BackMatter/Acronyms/Acronyms.aux)
(FrontMatter/000.BlankPage/BlankPage.aux))
 ***********
LaTeX2e <2023-06-01> patch level 1
L3 programming layer <2023-08-29>
 ***********


LaTeX Warning: Label(s) may have changed. Rerun to get cross-references right.

Package rerunfilecheck Info: File `Master_Thesis_en.out' has not changed.
(rerunfilecheck)             Checksum: 33C4E573C00F3DE43AF14D0EBAA49A00;3058.
 ) 
Here is how much of TeX's memory you used:
 21518 strings out of 410378
 418196 string characters out of 5786812
 2303416 words of memory out of 5000000
 42388 multiletter control sequences out of 15000+600000
 562066 words of font info for 77 fonts, out of 8000000 for 9000
 1348 hyphenation exceptions out of 8191
 93i,11n,107p,1232b,1937s stack positions out of 10000i,1000n,20000p,200000b,200000s

Output written on Master_Thesis_en.pdf (81 pages).
